{
  "stats": {
    "suites": 1,
    "tests": 1,
    "passes": 1,
    "pending": 0,
    "failures": 0,
    "start": "2026-03-16T04:28:40.149Z",
    "end": "2026-03-16T04:28:51.197Z",
    "duration": 11048,
    "testsRegistered": 1,
    "passPercent": 100,
    "pendingPercent": 0,
    "other": 0,
    "hasOther": false,
    "skipped": 0,
    "hasSkipped": false
  },
  "results": [
    {
      "uuid": "477fe4aa-161a-41c2-b820-9291be6b5045",
      "title": "",
      "fullFile": "cypress\\e2e\\MyNewTest.cy.js",
      "file": "cypress\\e2e\\MyNewTest.cy.js",
      "beforeHooks": [],
      "afterHooks": [],
      "tests": [],
      "suites": [
        {
          "uuid": "8d3d8a06-b233-4b84-b19b-4f2658b3ee19",
          "title": "Testing ORANGEHRM Scenario",
          "fullFile": "",
          "file": "",
          "beforeHooks": [],
          "afterHooks": [],
          "tests": [
            {
              "title": "Navigate to URL Mynewtest.cy.js",
              "fullTitle": "Testing ORANGEHRM Scenario Navigate to URL Mynewtest.cy.js",
              "timedOut": null,
              "duration": 6958,
              "state": "passed",
              "speed": "medium",
              "pass": true,
              "fail": false,
              "pending": false,
              "context": "{\n  \"title\": \"cypress-mochawesome-reporter-videos-passed\",\n  \"value\": \"cypress\\\\e2e\\\\MyNewTest.cy.js\"\n}",
              "code": "cy.visit(\"https://opensource-demo.orangehrmlive.com/web/index.php/auth/login\");",
              "err": {},
              "uuid": "8787d191-4afa-4590-9abe-080276931102",
              "parentUUID": "8d3d8a06-b233-4b84-b19b-4f2658b3ee19",
              "isHook": false,
              "skipped": false
            }
          ],
          "suites": [],
          "passes": [
            "8787d191-4afa-4590-9abe-080276931102"
          ],
          "failures": [],
          "pending": [],
          "skipped": [],
          "duration": 6958,
          "root": false,
          "rootEmpty": false,
          "_timeout": 2000
        }
      ],
      "passes": [],
      "failures": [],
      "pending": [],
      "skipped": [],
      "duration": 0,
      "root": true,
      "rootEmpty": true,
      "_timeout": 2000
    }
  ],
  "meta": {
    "mocha": {
      "version": "7.2.0"
    },
    "mochawesome": {
      "options": {
        "quiet": false,
        "reportFilename": "mochawesome",
        "saveHtml": false,
        "saveJson": true,
        "consoleReporter": "spec",
        "useInlineDiffs": false,
        "code": true
      },
      "version": "7.1.4"
    },
    "marge": {
      "options": {
        "reportDir": "cypress/reports",
        "overwrite": false,
        "html": false,
        "json": true
      },
      "version": "6.3.2"
    }
  }
}